# JRE version: OpenJDK Runtime Environment Temurin-17.0.7+7 (17.0.7+7) (build 17.0.7+7)
# Java VM: OpenJDK 64-Bit Server VM Temurin-17.0.7+7 (17.0.7+7, mixed mode, tiered, compressed oops, compressed class ptrs, g1 gc, windows-amd64)
GC Precious Log:
 CPUs: 4 total, 4 available
 Memory: 16317M
 Large Page Support: Disabled
 NUMA Support: Disabled
 Compressed Oops: Enabled (Zero based)
 Heap Region Size: 2M
 Heap Min Capacity: 8M
 Heap Initial Capacity: 256M
 Heap Max Capacity: 4080M
 Pre-touch: Disabled
 Parallel Workers: 4
 Concurrent Workers: 1
 Concurrent Refinement Workers: 4
 Periodic GC: Disabled
Heap:
 garbage-first heap   total 262144K, used 93501K [0x0000000701000000, 0x0000000800000000)
  region size 2048K, 46 young (94208K), 1 survivors (2048K)
 Metaspace       used 14332K, committed 14528K, reserved 1114112K
  class space    used 1387K, committed 1472K, reserved 1048576K
GC Heap History (6 events):
Event: 8.890 GC heap before
{Heap before GC invocations=0 (full 0):
 garbage-first heap   total 262144K, used 12288K [0x0000000701000000, 0x0000000800000000)
  region size 2048K, 6 young (12288K), 0 survivors (0K)
 Metaspace       used 14315K, committed 14528K, reserved 1114112K
  class space    used 1387K, committed 1472K, reserved 1048576K
}
Event: 8.894 GC heap after
{Heap after GC invocations=1 (full 0):
 garbage-first heap   total 262144K, used 3256K [0x0000000701000000, 0x0000000800000000)
  region size 2048K, 1 young (2048K), 1 survivors (2048K)
 Metaspace       used 14315K, committed 14528K, reserved 1114112K
  class space    used 1387K, committed 1472K, reserved 1048576K
}
Event: 20.216 GC heap before
{Heap before GC invocations=1 (full 0):
 garbage-first heap   total 262144K, used 13496K [0x0000000701000000, 0x0000000800000000)
  region size 2048K, 6 young (12288K), 1 survivors (2048K)
 Metaspace       used 14331K, committed 14528K, reserved 1114112K
  class space    used 1387K, committed 1472K, reserved 1048576K
}
Event: 20.218 GC heap after
{Heap after GC invocations=2 (full 0):
 garbage-first heap   total 262144K, used 3607K [0x0000000701000000, 0x0000000800000000)
  region size 2048K, 1 young (2048K), 1 survivors (2048K)
 Metaspace       used 14331K, committed 14528K, reserved 1114112K
  class space    used 1387K, committed 1472K, reserved 1048576K
}
Event: 58.897 GC heap before
{Heap before GC invocations=2 (full 0):
 garbage-first heap   total 262144K, used 34327K [0x0000000701000000, 0x0000000800000000)
  region size 2048K, 16 young (32768K), 1 survivors (2048K)
 Metaspace       used 14331K, committed 14528K, reserved 1114112K
  class space    used 1387K, committed 1472K, reserved 1048576K
}
Event: 58.898 GC heap after
{Heap after GC invocations=3 (full 0):
 garbage-first heap   total 262144K, used 3389K [0x0000000701000000, 0x0000000800000000)
  region size 2048K, 1 young (2048K), 1 survivors (2048K)
 Metaspace       used 14331K, committed 14528K, reserved 1114112K
  class space    used 1387K, committed 1472K, reserved 1048576K
}

